TN:
SF:src/index.bs.js
FN:5,h1
FN:14,extractTitle
FN:30,linkIt
FN:37,doctype
FN:49,html
FN:62,htm
FNF:6
FNH:6
FNDA:46,h1
FNDA:38,extractTitle
FNDA:27,linkIt
FNDA:26,doctype
FNDA:26,html
FNDA:13,htm
DA:1,1
DA:2,1
DA:3,1
DA:4,1
DA:5,46
DA:6,46
DA:7,46
DA:8,15
DA:9,46
DA:10,31
DA:11,31
DA:12,46
DA:13,1
DA:14,38
DA:15,38
DA:16,38
DA:17,4
DA:18,4
DA:19,4
DA:20,4
DA:21,4
DA:22,34
DA:23,34
DA:24,34
DA:25,34
DA:26,34
DA:27,34
DA:28,38
DA:29,1
DA:30,27
DA:31,27
DA:32,27
DA:33,27
DA:34,27
DA:35,27
DA:36,1
DA:37,26
DA:38,26
DA:39,2
DA:40,26
DA:41,17
DA:42,24
DA:43,3
DA:44,7
DA:45,4
DA:46,4
DA:47,26
DA:48,1
DA:49,26
DA:50,26
DA:51,26
DA:52,26
DA:53,26
DA:54,26
DA:55,26
DA:56,22
DA:57,26
DA:58,4
DA:59,4
DA:60,26
DA:61,1
DA:62,13
DA:63,13
DA:64,13
DA:65,1
DA:66,1
DA:67,1
DA:68,1
DA:69,1
DA:70,1
DA:71,1
DA:72,1
DA:73,1
DA:74,1
LF:74
LH:74
BRDA:1,0,0,1
BRDA:5,1,0,46
BRDA:7,2,0,15
BRDA:9,3,0,31
BRDA:14,4,0,38
BRDA:16,5,0,4
BRDA:22,6,0,34
BRDA:30,7,0,27
BRDA:37,8,0,26
BRDA:38,9,0,2
BRDA:40,10,0,24
BRDA:40,11,0,17
BRDA:42,12,0,7
BRDA:42,13,0,3
BRDA:44,14,0,4
BRDA:49,15,0,26
BRDA:55,16,0,22
BRDA:57,17,0,4
BRDA:62,18,0,13
BRF:19
BRH:19
end_of_record
