TN:
SF:src/index.bs.js
FN:5,trimStart
FN:14,extractTitle
FN:24,linkIt
FN:33,htm
FNF:4
FNH:4
FNDA:22,trimStart
FNDA:14,extractTitle
FNDA:7,linkIt
FNDA:2,htm
DA:1,1
DA:2,1
DA:3,1
DA:4,1
DA:5,22
DA:6,22
DA:7,22
DA:8,7
DA:9,22
DA:10,15
DA:11,15
DA:12,22
DA:13,1
DA:14,14
DA:15,14
DA:16,14
DA:17,4
DA:18,4
DA:19,10
DA:20,10
DA:21,10
DA:22,14
DA:23,1
DA:24,7
DA:25,7
DA:26,7
DA:27,7
DA:28,7
DA:29,7
DA:30,7
DA:31,7
DA:32,1
DA:33,2
DA:34,2
DA:35,2
DA:36,2
DA:37,2
DA:38,2
DA:39,2
DA:40,2
DA:41,2
DA:42,2
DA:43,2
DA:44,2
DA:45,2
DA:46,1
DA:47,1
DA:48,1
LF:48
LH:48
BRDA:1,0,0,1
BRDA:5,1,0,22
BRDA:7,2,0,7
BRDA:9,3,0,15
BRDA:14,4,0,14
BRDA:16,5,0,4
BRDA:19,6,0,10
BRDA:24,7,0,7
BRDA:33,8,0,2
BRF:9
BRH:9
end_of_record
